<?xml version="1.0" encoding="UTF-8"?>
<!-- Generated by org.testng.reporters.JUnitXMLReporter -->
<testsuite ignored="0" hostname="Govinda" failures="0" tests="2" name="Error Validations Test " time="17.803" errors="0" timestamp="2023-11-07T16:09:05 IST">
  <testcase classname="dhanunjaitech.Tests.ErrorValidationsTest" name="LoginErrorValidation" time="0.889"/>
  <testcase classname="dhanunjaitech.Tests.ErrorValidationsTest" name="ProductErrorValidation" time="7.394"/>
</testsuite> <!-- Error Validations Test  -->
