<?xml version="1.0" encoding="UTF-8"?>
<!-- Generated by org.testng.reporters.JUnitXMLReporter -->
<testsuite ignored="0" hostname="Govinda" failures="0" tests="3" name="Submit Order Test " time="95.376" errors="0" timestamp="2023-11-07T16:10:22 IST">
  <testcase classname="dhanunjaitech.Tests.SubmitOrderTest" name="submitOrder" time="8.991"/>
  <testcase classname="dhanunjaitech.Tests.SubmitOrderTest" name="submitOrder" time="68.331"/>
  <testcase classname="dhanunjaitech.Tests.SubmitOrderTest" name="OrderHistoryTest" time="1.741"/>
</testsuite> <!-- Submit Order Test  -->
